CRITICAL - 2024-10-05 04:08:50 --> ErrorException: Cannot redeclare App\Controllers\Index::dd()
[Method: GET, Route: index/about]
in APPPATH\Controllers\Index.php on line 62.
 1 [internal function]: CodeIgniter\Debug\Exceptions->shutdownHandler()
CRITICAL - 2024-10-05 04:08:55 --> ErrorException: Cannot redeclare App\Controllers\Index::dd()
[Method: GET, Route: index/login]
in APPPATH\Controllers\Index.php on line 62.
 1 [internal function]: CodeIgniter\Debug\Exceptions->shutdownHandler()
CRITICAL - 2024-10-05 04:32:12 --> ParseError: syntax error, unexpected token "}", expecting ";"
[Method: GET, Route: index/login]
in APPPATH\Controllers\Index.php on line 66.
 1 SYSTEMPATH\Autoloader\Autoloader.php(296): CodeIgniter\Autoloader\Autoloader->includeFile('C:\\xampp\\htdocs\\tw32\\app\\Controllers\\Index.php')
 2 SYSTEMPATH\Autoloader\Autoloader.php(272): CodeIgniter\Autoloader\Autoloader->loadInNamespace('App\\Controllers\\Index')
 3 [internal function]: CodeIgniter\Autoloader\Autoloader->loadClass('App\\Controllers\\Index')
 4 SYSTEMPATH\CodeIgniter.php(887): class_exists('\\App\\Controllers\\Index', true)
 5 SYSTEMPATH\CodeIgniter.php(496): CodeIgniter\CodeIgniter->startController()
 6 SYSTEMPATH\CodeIgniter.php(355): CodeIgniter\CodeIgniter->handleRequest(null, Object(Config\Cache), false)
 7 SYSTEMPATH\Boot.php(325): CodeIgniter\CodeIgniter->run()
 8 SYSTEMPATH\Boot.php(67): CodeIgniter\Boot::runCodeIgniter(Object(CodeIgniter\CodeIgniter))
 9 FCPATH\index.php(56): CodeIgniter\Boot::bootWeb(Object(Config\Paths))
