CRITICAL - 2024-09-19 00:38:25 --> ArgumentCountError: Too few arguments to function App\Controllers\Index::showData(), 0 passed in C:\xampp_new\htdocs\tw32\system\CodeIgniter.php on line 933 and exactly 2 expected
[Method: GET, Route: index/showdata]
in APPPATH\Controllers\Index.php on line 11.
 1 SYSTEMPATH\CodeIgniter.php(933): App\Controllers\Index->showData()
 2 SYSTEMPATH\CodeIgniter.php(509): CodeIgniter\CodeIgniter->runController(Object(App\Controllers\Index))
 3 SYSTEMPATH\CodeIgniter.php(355): CodeIgniter\CodeIgniter->handleRequest(null, Object(Config\Cache), false)
 4 SYSTEMPATH\Boot.php(325): CodeIgniter\CodeIgniter->run()
 5 SYSTEMPATH\Boot.php(67): CodeIgniter\Boot::runCodeIgniter(Object(CodeIgniter\CodeIgniter))
 6 FCPATH\index.php(56): CodeIgniter\Boot::bootWeb(Object(Config\Paths))
CRITICAL - 2024-09-19 00:38:35 --> ArgumentCountError: Too few arguments to function App\Controllers\Index::showData(), 0 passed in C:\xampp_new\htdocs\tw32\system\CodeIgniter.php on line 933 and exactly 2 expected
[Method: GET, Route: index/showdata]
in APPPATH\Controllers\Index.php on line 11.
 1 SYSTEMPATH\CodeIgniter.php(933): App\Controllers\Index->showData()
 2 SYSTEMPATH\CodeIgniter.php(509): CodeIgniter\CodeIgniter->runController(Object(App\Controllers\Index))
 3 SYSTEMPATH\CodeIgniter.php(355): CodeIgniter\CodeIgniter->handleRequest(null, Object(Config\Cache), false)
 4 SYSTEMPATH\Boot.php(325): CodeIgniter\CodeIgniter->run()
 5 SYSTEMPATH\Boot.php(67): CodeIgniter\Boot::runCodeIgniter(Object(CodeIgniter\CodeIgniter))
 6 FCPATH\index.php(56): CodeIgniter\Boot::bootWeb(Object(Config\Paths))
CRITICAL - 2024-09-19 00:39:02 --> ArgumentCountError: Too few arguments to function App\Controllers\Index::showData(), 0 passed in C:\xampp_new\htdocs\tw32\system\CodeIgniter.php on line 933 and exactly 2 expected
[Method: GET, Route: index/showdata]
in APPPATH\Controllers\Index.php on line 11.
 1 SYSTEMPATH\CodeIgniter.php(933): App\Controllers\Index->showData()
 2 SYSTEMPATH\CodeIgniter.php(509): CodeIgniter\CodeIgniter->runController(Object(App\Controllers\Index))
 3 SYSTEMPATH\CodeIgniter.php(355): CodeIgniter\CodeIgniter->handleRequest(null, Object(Config\Cache), false)
 4 SYSTEMPATH\Boot.php(325): CodeIgniter\CodeIgniter->run()
 5 SYSTEMPATH\Boot.php(67): CodeIgniter\Boot::runCodeIgniter(Object(CodeIgniter\CodeIgniter))
 6 FCPATH\index.php(56): CodeIgniter\Boot::bootWeb(Object(Config\Paths))
CRITICAL - 2024-09-19 00:41:53 --> ArgumentCountError: Too few arguments to function App\Controllers\Index::showData(), 0 passed in C:\xampp_new\htdocs\tw32\system\CodeIgniter.php on line 933 and exactly 2 expected
[Method: GET, Route: index/showdata]
in APPPATH\Controllers\Index.php on line 11.
 1 SYSTEMPATH\CodeIgniter.php(933): App\Controllers\Index->showData()
 2 SYSTEMPATH\CodeIgniter.php(509): CodeIgniter\CodeIgniter->runController(Object(App\Controllers\Index))
 3 SYSTEMPATH\CodeIgniter.php(355): CodeIgniter\CodeIgniter->handleRequest(null, Object(Config\Cache), false)
 4 SYSTEMPATH\Boot.php(325): CodeIgniter\CodeIgniter->run()
 5 SYSTEMPATH\Boot.php(67): CodeIgniter\Boot::runCodeIgniter(Object(CodeIgniter\CodeIgniter))
 6 FCPATH\index.php(56): CodeIgniter\Boot::bootWeb(Object(Config\Paths))
CRITICAL - 2024-09-19 00:43:36 --> ParseError: syntax error, unexpected token "-", expecting "("
[Method: GET, Route: index/showdata]
in APPPATH\Controllers\Index.php on line 11.
 1 SYSTEMPATH\Autoloader\Autoloader.php(296): CodeIgniter\Autoloader\Autoloader->includeFile('C:\\xampp_new\\htdocs\\tw32\\app\\Controllers\\Index.php')
 2 SYSTEMPATH\Autoloader\Autoloader.php(272): CodeIgniter\Autoloader\Autoloader->loadInNamespace('App\\Controllers\\Index')
 3 [internal function]: CodeIgniter\Autoloader\Autoloader->loadClass('App\\Controllers\\Index')
 4 SYSTEMPATH\CodeIgniter.php(887): class_exists('\\App\\Controllers\\Index', true)
 5 SYSTEMPATH\CodeIgniter.php(496): CodeIgniter\CodeIgniter->startController()
 6 SYSTEMPATH\CodeIgniter.php(355): CodeIgniter\CodeIgniter->handleRequest(null, Object(Config\Cache), false)
 7 SYSTEMPATH\Boot.php(325): CodeIgniter\CodeIgniter->run()
 8 SYSTEMPATH\Boot.php(67): CodeIgniter\Boot::runCodeIgniter(Object(CodeIgniter\CodeIgniter))
 9 FCPATH\index.php(56): CodeIgniter\Boot::bootWeb(Object(Config\Paths))
